<?xml version="1.0" encoding="UTF-8"?>
<testsuite name="GridTest" tests="10" skipped="0" failures="0" errors="0" timestamp="2022-11-02T00:16:07" hostname="DESKTOP-FRQ65GK" time="0.453">
  <properties/>
  <testcase name="It returns the neighbour values of the center cell of a 3x3 grid()" classname="GridTest" time="0.237"/>
  <testcase name="[1] 0, 0, 245" classname="GridTest" time="0.061"/>
  <testcase name="[2] 1, 0, 13456" classname="GridTest" time="0.003"/>
  <testcase name="[3] 2, 0, 256" classname="GridTest" time="0.003"/>
  <testcase name="[4] 0, 1, 12578" classname="GridTest" time="0.003"/>
  <testcase name="[5] 2, 1, 23589" classname="GridTest" time="0.002"/>
  <testcase name="[6] 0, 2, 458" classname="GridTest" time="0.002"/>
  <testcase name="[7] 1, 2, 45679" classname="GridTest" time="0.003"/>
  <testcase name="[8] 2, 2, 568" classname="GridTest" time="0.003"/>
  <testcase name="It returns the neighbour values of one center cell of a 4x3 grid()" classname="GridTest" time="0.002"/>
  <system-out><![CDATA[]]></system-out>
  <system-err><![CDATA[]]></system-err>
</testsuite>
